-------------------------------------------------------------------------------
Test set: cn.hz.ddbm.setl.SetlApplicationTests
-------------------------------------------------------------------------------
Tests run: 1, Failures: 0, Errors: 1, Skipped: 0, Time elapsed: 0.091 s <<< FAILURE! - in cn.hz.ddbm.setl.SetlApplicationTests
cn.hz.ddbm.setl.SetlApplicationTests  Time elapsed: 0.091 s  <<< ERROR!
java.lang.IllegalStateException: Unable to find a @SpringBootConfiguration, you need to use @ContextConfiguration or @SpringBootTest(classes=...) with your test

